PupilVisitor::PupilVisitor
PupilVisitor::start_map
PupilVisitor::start_map_key
PupilVisitor::visit_str
PupilVisitor::end_map_key
PupilVisitor::start_map_value
PupilVisitor::visit_positive_integer
PupilVisitor::end_map_value
PupilVisitor::start_map_key
PupilVisitor::visit_str
PupilVisitor::end_map_key
PupilVisitor::start_map_value
PupilVisitor::visit_float64
PupilVisitor::end_map_value
PupilVisitor::start_map_key
PupilVisitor::visit_str
PupilVisitor::end_map_key
PupilVisitor::start_map_value
PupilVisitor::start_map
PupilVisitor::start_map_key
PupilVisitor::visit_str
PupilVisitor::end_map_key
PupilVisitor::start_map_value
PupilVisitor::start_array
PupilVisitor::start_array_item
PupilVisitor::visit_float64
PupilVisitor::end_array_item
PupilVisitor::start_array_item
PupilVisitor::visit_float64
PupilVisitor::end_array_item
PupilVisitor::end_array
PupilVisitor::end_map_value
PupilVisitor::start_map_key
PupilVisitor::visit_str
PupilVisitor::end_map_key
PupilVisitor::start_map_value
PupilVisitor::start_array
PupilVisitor::start_array_item
PupilVisitor::visit_float64
PupilVisitor::end_array_item
PupilVisitor::start_array_item
PupilVisitor::visit_float64
PupilVisitor::end_array_item
PupilVisitor::end_array
PupilVisitor::end_map_value
PupilVisitor::start_map_key
PupilVisitor::visit_str
PupilVisitor::end_map_key
PupilVisitor::start_map_value
PupilVisitor::visit_float64
PupilVisitor::end_map_value
PupilVisitor::end_map
PupilVisitor::end_map_value
PupilVisitor::start_map_key
PupilVisitor::visit_str
PupilVisitor::end_map_key
PupilVisitor::start_map_value
PupilVisitor::visit_float64
PupilVisitor::end_map_value
PupilVisitor::start_map_key
PupilVisitor::visit_str
PupilVisitor::end_map_key
PupilVisitor::start_map_value
PupilVisitor::start_map
PupilVisitor::start_map_key
PupilVisitor::visit_str
PupilVisitor::end_map_key
PupilVisitor::start_map_value
PupilVisitor::start_array
PupilVisitor::start_array_item
PupilVisitor::visit_float64
PupilVisitor::end_array_item
PupilVisitor::start_array_item
PupilVisitor::visit_float64
PupilVisitor::end_array_item
PupilVisitor::start_array_item
PupilVisitor::visit_float64
PupilVisitor::end_array_item
PupilVisitor::end_array
PupilVisitor::end_map_value
PupilVisitor::start_map_key
PupilVisitor::visit_str
PupilVisitor::end_map_key
PupilVisitor::start_map_value
PupilVisitor::visit_float64
PupilVisitor::end_map_value
PupilVisitor::end_map
PupilVisitor::end_map_value
PupilVisitor::start_map_key
PupilVisitor::visit_str
PupilVisitor::end_map_key
PupilVisitor::start_map_value
PupilVisitor::visit_float64
PupilVisitor::end_map_value
PupilVisitor::start_map_key
PupilVisitor::visit_str
PupilVisitor::end_map_key
PupilVisitor::start_map_value
PupilVisitor::start_map
PupilVisitor::start_map_key
PupilVisitor::visit_str
PupilVisitor::end_map_key
PupilVisitor::start_map_value
PupilVisitor::start_array
PupilVisitor::start_array_item
PupilVisitor::visit_float64
PupilVisitor::end_array_item
PupilVisitor::start_array_item
PupilVisitor::visit_float64
PupilVisitor::end_array_item
PupilVisitor::end_array
PupilVisitor::end_map_value
PupilVisitor::start_map_key
PupilVisitor::visit_str
PupilVisitor::end_map_key
PupilVisitor::start_map_value
PupilVisitor::start_array
PupilVisitor::start_array_item
PupilVisitor::visit_float64
PupilVisitor::end_array_item
PupilVisitor::start_array_item
PupilVisitor::visit_float64
PupilVisitor::end_array_item
PupilVisitor::end_array
PupilVisitor::end_map_value
PupilVisitor::start_map_key
PupilVisitor::visit_str
PupilVisitor::end_map_key
PupilVisitor::start_map_value
PupilVisitor::visit_float64
PupilVisitor::end_map_value
PupilVisitor::end_map
PupilVisitor::end_map_value
PupilVisitor::start_map_key
PupilVisitor::visit_str
PupilVisitor::end_map_key
PupilVisitor::start_map_value
PupilVisitor::start_array
PupilVisitor::start_array_item
PupilVisitor::visit_float64
PupilVisitor::end_array_item
PupilVisitor::start_array_item
PupilVisitor::visit_float64
PupilVisitor::end_array_item
PupilVisitor::end_array
PupilVisitor::end_map_value
PupilVisitor::start_map_key
PupilVisitor::visit_str
PupilVisitor::end_map_key
PupilVisitor::start_map_value
PupilVisitor::visit_float64
PupilVisitor::end_map_value
PupilVisitor::start_map_key
PupilVisitor::visit_str
PupilVisitor::end_map_key
PupilVisitor::start_map_value
PupilVisitor::visit_str
PupilVisitor::end_map_value
PupilVisitor::start_map_key
PupilVisitor::visit_str
PupilVisitor::end_map_key
PupilVisitor::start_map_value
PupilVisitor::visit_positive_integer
PupilVisitor::end_map_value
PupilVisitor::start_map_key
PupilVisitor::visit_str
PupilVisitor::end_map_key
PupilVisitor::start_map_value
PupilVisitor::visit_str
PupilVisitor::end_map_value
PupilVisitor::start_map_key
PupilVisitor::visit_str
PupilVisitor::end_map_key
PupilVisitor::start_map_value
PupilVisitor::start_map
PupilVisitor::start_map_key
PupilVisitor::visit_str
PupilVisitor::end_map_key
PupilVisitor::start_map_value
PupilVisitor::start_array
PupilVisitor::start_array_item
PupilVisitor::visit_float64
PupilVisitor::end_array_item
PupilVisitor::start_array_item
PupilVisitor::visit_float64
PupilVisitor::end_array_item
PupilVisitor::start_array_item
PupilVisitor::visit_float64
PupilVisitor::end_array_item
PupilVisitor::end_array
PupilVisitor::end_map_value
PupilVisitor::start_map_key
PupilVisitor::visit_str
PupilVisitor::end_map_key
PupilVisitor::start_map_value
PupilVisitor::visit_float64
PupilVisitor::end_map_value
PupilVisitor::start_map_key
PupilVisitor::visit_str
PupilVisitor::end_map_key
PupilVisitor::start_map_value
PupilVisitor::start_array
PupilVisitor::start_array_item
PupilVisitor::visit_float64
PupilVisitor::end_array_item
PupilVisitor::start_array_item
PupilVisitor::visit_float64
PupilVisitor::end_array_item
PupilVisitor::start_array_item
PupilVisitor::visit_float64
PupilVisitor::end_array_item
PupilVisitor::end_array
PupilVisitor::end_map_value
PupilVisitor::end_map
PupilVisitor::end_map_value
PupilVisitor::start_map_key
PupilVisitor::visit_str
PupilVisitor::end_map_key
PupilVisitor::start_map_value
PupilVisitor::visit_float64
PupilVisitor::end_map_value
PupilVisitor::start_map_key
PupilVisitor::visit_str
PupilVisitor::end_map_key
PupilVisitor::start_map_value
PupilVisitor::visit_positive_integer
PupilVisitor::end_map_value
PupilVisitor::start_map_key
PupilVisitor::visit_str
PupilVisitor::end_map_key
PupilVisitor::start_map_value
PupilVisitor::visit_float64
PupilVisitor::end_map_value
PupilVisitor::start_map_key
PupilVisitor::visit_str
PupilVisitor::end_map_key
PupilVisitor::start_map_value
PupilVisitor::visit_positive_integer
PupilVisitor::end_map_value
PupilVisitor::end_map
